<?xml version="1.0" encoding="UTF-8"?>
<testsuite name="dominio.unitaria.ProductoTest" tests="1" skipped="0" failures="0" errors="0" timestamp="2019-02-22T21:26:51" hostname="SIS27" time="0.0">
  <properties/>
  <testcase name="crearProductoTest" classname="dominio.unitaria.ProductoTest" time="0.0"/>
  <system-out><![CDATA[]]></system-out>
  <system-err><![CDATA[]]></system-err>
</testsuite>
